Mon, 13 Jan 2020 11:16:58 GMT - Info - Server is running on port: 3000
Mon, 13 Jan 2020 11:17:11 GMT - Info - Server is running on port: 3000
Mon, 13 Jan 2020 11:21:30 GMT - Info - Server is running on port: 3000
Mon, 13 Jan 2020 11:21:41 GMT - Info - Server is running on port: 3000
Mon, 13 Jan 2020 11:22:17 GMT - Info - Server is running on port: 3000
Mon, 13 Jan 2020 11:22:35 GMT - Info - Server is running on port: 3000
Mon, 13 Jan 2020 11:22:46 GMT - Info - Server is running on port: 3000
Tue, 14 Jan 2020 07:13:19 GMT - Info - Server is running on port: 3030
Tue, 14 Jan 2020 07:13:39 GMT - Error - Cannot get reviews
Tue, 14 Jan 2020 07:15:23 GMT - Error - Cannot get reviews
Tue, 14 Jan 2020 07:15:46 GMT - Error - Cannot get reviews
Tue, 14 Jan 2020 07:16:05 GMT - Info - Server is running on port: 3030
Tue, 14 Jan 2020 07:16:09 GMT - Error - Cannot get reviews
Tue, 14 Jan 2020 07:16:29 GMT - Error - Cannot get reviews
Tue, 14 Jan 2020 07:18:13 GMT - Error - Cannot get reviews
Tue, 14 Jan 2020 07:32:53 GMT - Error - Cannot get reviews
Tue, 14 Jan 2020 07:33:17 GMT - Debug - auth.service - login with email: v
Tue, 14 Jan 2020 07:33:18 GMT - Error - Cannot get reviews
Tue, 14 Jan 2020 07:33:23 GMT - Error - Cannot get reviews
Tue, 14 Jan 2020 07:35:26 GMT - Debug - v, v, v
Tue, 14 Jan 2020 07:35:26 GMT - Debug - auth.service - signup with email: v, username: v
Tue, 14 Jan 2020 07:35:27 GMT - Debug - auth.route - new account created: {"email":"v","password":"$2b$10$FtA/XOVg6Huj8PYhLHraQuaNG0lxg9gt2S8chBYtfkqPldrlu7DbG","username":"v","_id":"5e1d6f3f30820335201a26af"}
Tue, 14 Jan 2020 07:35:27 GMT - Debug - auth.service - login with email: v
Tue, 14 Jan 2020 07:35:41 GMT - Debug - auth.service - login with email: v
Tue, 14 Jan 2020 07:35:49 GMT - Error - Cannot get reviews
Tue, 14 Jan 2020 07:37:19 GMT - Info - Server is running on port: 3030
Tue, 14 Jan 2020 07:37:25 GMT - Error - Cannot get reviews
Tue, 14 Jan 2020 07:37:28 GMT - Error - Cannot get reviews
Tue, 14 Jan 2020 07:38:43 GMT - Error - Cannot get reviews
Tue, 14 Jan 2020 07:39:10 GMT - Error - Cannot get reviews
Tue, 14 Jan 2020 07:39:50 GMT - Info - Server is running on port: 3030
Tue, 14 Jan 2020 07:41:44 GMT - Info - Server is running on port: 3030
Tue, 14 Jan 2020 07:42:07 GMT - Debug - auth.service - login with email: v
Tue, 14 Jan 2020 07:47:41 GMT - Info - Server is running on port: 3030
Tue, 14 Jan 2020 07:48:09 GMT - Debug - auth.service - login with email: v
Tue, 14 Jan 2020 07:52:16 GMT - Info - Server is running on port: 3030
Tue, 14 Jan 2020 07:56:09 GMT - Debug - auth.service - login with email: v
Tue, 14 Jan 2020 08:07:18 GMT - Debug - auth.service - login with email: v
Tue, 14 Jan 2020 08:11:13 GMT - Debug - auth.service - login with email: v
Tue, 14 Jan 2020 08:26:02 GMT - Info - Server is running on port: 3030
Tue, 14 Jan 2020 08:26:39 GMT - Info - Server is running on port: 3030
Tue, 14 Jan 2020 11:47:05 GMT - Info - Server is running on port: 3030
Tue, 14 Jan 2020 11:47:27 GMT - Info - Server is running on port: 3030
Tue, 14 Jan 2020 11:49:50 GMT - Info - Server is running on port: 3030
Tue, 14 Jan 2020 11:53:59 GMT - Debug - canov19, CaNov19, 1
Tue, 14 Jan 2020 11:53:59 GMT - Debug - auth.service - signup with email: canov19, username: CaNov19
Tue, 14 Jan 2020 11:53:59 GMT - Debug - auth.route - new account created: {"email":"canov19","password":"$2b$10$0p9ZIPwVpcFILivaKnAT8OxQF2x2VsueXLzBun6uUc/zowTZJpT2S","username":"CaNov19","_id":"5e1dabd709367a5de4707923"}
Tue, 14 Jan 2020 11:53:59 GMT - Debug - auth.service - login with email: canov19
Tue, 14 Jan 2020 12:12:16 GMT - Debug - auth.service - login with email: v
Sat, 16 May 2020 19:05:20 GMT - Info - Server is running on port: 3030
Sun, 17 May 2020 09:34:01 GMT - Info - Server is running on port: 3030
Sun, 17 May 2020 09:36:12 GMT - Info - Server is running on port: 3030
Sun, 17 May 2020 09:36:21 GMT - Info - Server is running on port: 3030
Sun, 17 May 2020 09:38:31 GMT - Info - Server is running on port: 3030
Sun, 17 May 2020 09:38:49 GMT - Info - Server is running on port: 3030
Sun, 17 May 2020 09:40:12 GMT - Info - Server is running on port: 3030
Sun, 17 May 2020 09:40:21 GMT - Debug - [object Object],[object Object],[object Object],[object Object],[object Object],[object Object],[object Object],[object Object]
Sun, 17 May 2020 09:41:35 GMT - Info - Server is running on port: 3030
Sun, 17 May 2020 09:41:41 GMT - Debug - [{"_id":"5ddb85150eb62a4aec4d4eba","email":"dd@cc.com","password":"$2b$10$M2zXDsAhFw1W1EyCd/zC9eQyDJTGMeXNLTK8KqVztOC481lGtlQua","username":"cc"},{"_id":"5ddbc5f3172fff65d8fef854","email":"admin@a.com","password":"$2b$10$iKRv.8UG/6X0ILsDAMawr.Vi.qztSYeGKxR63VXC.mM6bXnGhwhb6","username":"adminov","balance":100},{"_id":"5ddbc6ae6dd9593018464895","email":"z@z.com","password":"$2b$10$RaElJtt9D5B758t.UuYW3uz1r8QcIwB0sQ9.rY1jv83tze94rn0I.","username":"zzz","isAdmin":true},{"_id":"5ddce6ba154fe965ac1edac3","email":"q@q.com","password":"$2b$10$SBk31zLHTXBJMeymt49pK.PDQtJkz3I9d5a0SGNtvlJEENSOt3Wa6","username":"Que!"},{"_id":"5ddcf730cdd683152cb242d2","email":"roki","password":"$2b$10$X042fAAuUEj0CLA7sD8uPu6F1C4Qg6CBQgRG54SKmoollRxeydWKq","username":"Roki Balbua"},{"_id":"5e1d6f3f30820335201a26af","email":"v","password":"$2b$10$FtA/XOVg6Huj8PYhLHraQuaNG0lxg9gt2S8chBYtfkqPldrlu7DbG","username":"v"},{"_id":"5e1dabd709367a5de4707923","email":"canov19","password":"$2b$10$0p9ZIPwVpcFILivaKnAT8OxQF2x2VsueXLzBun6uUc/zowTZJpT2S","username":"CaNov19"},{"_id":"5e6e0a275f1a402e144ebfd2","email":"kiki@kiki.kiki","password":"$2b$10$QGyWJkk7YCEHLa56.AtXaeOTgU3PqO2eiKxy4GVyrnnLkx4TkrSa2","username":"Kiki"}]
Sun, 17 May 2020 09:43:04 GMT - Info - Server is running on port: 3030
Sun, 17 May 2020 09:49:46 GMT - Info - Server is running on port: 3030
Sun, 17 May 2020 09:57:26 GMT - Info - Server is running on port: 3030
Sun, 17 May 2020 09:58:29 GMT - Info - Server is running on port: 3030
Sun, 17 May 2020 10:06:00 GMT - Debug - camar20@c.com, CaMar 20 Empire, 123456
Sun, 17 May 2020 10:06:00 GMT - Debug - auth.service - signup with email: camar20@c.com, username: CaMar 20 Empire
Sun, 17 May 2020 10:06:00 GMT - Debug - auth.route - new account created: {"email":"camar20@c.com","password":"$2b$10$BqGJWswlh6ckworR0wGhNeYoaurE7H4NhFHBlr3.gvCWNqJ2w3wqG","username":"CaMar 20 Empire","_id":"5ec10c887f6f1c3ca060c5e5"}
Sun, 17 May 2020 10:06:00 GMT - Debug - auth.service - login with email: camar20@c.com
Sun, 17 May 2020 10:13:51 GMT - Debug - [{"_id":"5ddb85150eb62a4aec4d4eba","email":"dd@cc.com","password":"$2b$10$M2zXDsAhFw1W1EyCd/zC9eQyDJTGMeXNLTK8KqVztOC481lGtlQua","username":"cc"},{"_id":"5ddbc5f3172fff65d8fef854","email":"admin@a.com","password":"$2b$10$iKRv.8UG/6X0ILsDAMawr.Vi.qztSYeGKxR63VXC.mM6bXnGhwhb6","username":"adminov","balance":100},{"_id":"5ddbc6ae6dd9593018464895","email":"z@z.com","password":"$2b$10$RaElJtt9D5B758t.UuYW3uz1r8QcIwB0sQ9.rY1jv83tze94rn0I.","username":"zzz","isAdmin":true},{"_id":"5ddce6ba154fe965ac1edac3","email":"q@q.com","password":"$2b$10$SBk31zLHTXBJMeymt49pK.PDQtJkz3I9d5a0SGNtvlJEENSOt3Wa6","username":"Que!"},{"_id":"5ddcf730cdd683152cb242d2","email":"roki","password":"$2b$10$X042fAAuUEj0CLA7sD8uPu6F1C4Qg6CBQgRG54SKmoollRxeydWKq","username":"Roki Balbua"},{"_id":"5e1d6f3f30820335201a26af","email":"v","password":"$2b$10$FtA/XOVg6Huj8PYhLHraQuaNG0lxg9gt2S8chBYtfkqPldrlu7DbG","username":"v"},{"_id":"5e1dabd709367a5de4707923","email":"canov19","password":"$2b$10$0p9ZIPwVpcFILivaKnAT8OxQF2x2VsueXLzBun6uUc/zowTZJpT2S","username":"CaNov19"},{"_id":"5e6e0a275f1a402e144ebfd2","email":"kiki@kiki.kiki","password":"$2b$10$QGyWJkk7YCEHLa56.AtXaeOTgU3PqO2eiKxy4GVyrnnLkx4TkrSa2","username":"Kiki"},{"_id":"5ec10c887f6f1c3ca060c5e5","email":"camar20@c.com","password":"$2b$10$BqGJWswlh6ckworR0wGhNeYoaurE7H4NhFHBlr3.gvCWNqJ2w3wqG","username":"CaMar 20 Empire"}]
Sun, 17 May 2020 10:14:14 GMT - Debug - auth.service - login with email: camar20@c.com
Sun, 17 May 2020 10:14:16 GMT - Debug - [{"_id":"5ddb85150eb62a4aec4d4eba","email":"dd@cc.com","password":"$2b$10$M2zXDsAhFw1W1EyCd/zC9eQyDJTGMeXNLTK8KqVztOC481lGtlQua","username":"cc"},{"_id":"5ddbc5f3172fff65d8fef854","email":"admin@a.com","password":"$2b$10$iKRv.8UG/6X0ILsDAMawr.Vi.qztSYeGKxR63VXC.mM6bXnGhwhb6","username":"adminov","balance":100},{"_id":"5ddbc6ae6dd9593018464895","email":"z@z.com","password":"$2b$10$RaElJtt9D5B758t.UuYW3uz1r8QcIwB0sQ9.rY1jv83tze94rn0I.","username":"zzz","isAdmin":true},{"_id":"5ddce6ba154fe965ac1edac3","email":"q@q.com","password":"$2b$10$SBk31zLHTXBJMeymt49pK.PDQtJkz3I9d5a0SGNtvlJEENSOt3Wa6","username":"Que!"},{"_id":"5ddcf730cdd683152cb242d2","email":"roki","password":"$2b$10$X042fAAuUEj0CLA7sD8uPu6F1C4Qg6CBQgRG54SKmoollRxeydWKq","username":"Roki Balbua"},{"_id":"5e1d6f3f30820335201a26af","email":"v","password":"$2b$10$FtA/XOVg6Huj8PYhLHraQuaNG0lxg9gt2S8chBYtfkqPldrlu7DbG","username":"v"},{"_id":"5e1dabd709367a5de4707923","email":"canov19","password":"$2b$10$0p9ZIPwVpcFILivaKnAT8OxQF2x2VsueXLzBun6uUc/zowTZJpT2S","username":"CaNov19"},{"_id":"5e6e0a275f1a402e144ebfd2","email":"kiki@kiki.kiki","password":"$2b$10$QGyWJkk7YCEHLa56.AtXaeOTgU3PqO2eiKxy4GVyrnnLkx4TkrSa2","username":"Kiki"},{"_id":"5ec10c887f6f1c3ca060c5e5","email":"camar20@c.com","password":"$2b$10$BqGJWswlh6ckworR0wGhNeYoaurE7H4NhFHBlr3.gvCWNqJ2w3wqG","username":"CaMar 20 Empire"}]
Sun, 17 May 2020 10:14:45 GMT - Debug - [{"_id":"5ddb85150eb62a4aec4d4eba","email":"dd@cc.com","password":"$2b$10$M2zXDsAhFw1W1EyCd/zC9eQyDJTGMeXNLTK8KqVztOC481lGtlQua","username":"cc"},{"_id":"5ddbc5f3172fff65d8fef854","email":"admin@a.com","password":"$2b$10$iKRv.8UG/6X0ILsDAMawr.Vi.qztSYeGKxR63VXC.mM6bXnGhwhb6","username":"adminov","balance":100},{"_id":"5ddbc6ae6dd9593018464895","email":"z@z.com","password":"$2b$10$RaElJtt9D5B758t.UuYW3uz1r8QcIwB0sQ9.rY1jv83tze94rn0I.","username":"zzz","isAdmin":true},{"_id":"5ddce6ba154fe965ac1edac3","email":"q@q.com","password":"$2b$10$SBk31zLHTXBJMeymt49pK.PDQtJkz3I9d5a0SGNtvlJEENSOt3Wa6","username":"Que!"},{"_id":"5ddcf730cdd683152cb242d2","email":"roki","password":"$2b$10$X042fAAuUEj0CLA7sD8uPu6F1C4Qg6CBQgRG54SKmoollRxeydWKq","username":"Roki Balbua"},{"_id":"5e1d6f3f30820335201a26af","email":"v","password":"$2b$10$FtA/XOVg6Huj8PYhLHraQuaNG0lxg9gt2S8chBYtfkqPldrlu7DbG","username":"v"},{"_id":"5e1dabd709367a5de4707923","email":"canov19","password":"$2b$10$0p9ZIPwVpcFILivaKnAT8OxQF2x2VsueXLzBun6uUc/zowTZJpT2S","username":"CaNov19"},{"_id":"5e6e0a275f1a402e144ebfd2","email":"kiki@kiki.kiki","password":"$2b$10$QGyWJkk7YCEHLa56.AtXaeOTgU3PqO2eiKxy4GVyrnnLkx4TkrSa2","username":"Kiki"},{"_id":"5ec10c887f6f1c3ca060c5e5","email":"camar20@c.com","password":"$2b$10$BqGJWswlh6ckworR0wGhNeYoaurE7H4NhFHBlr3.gvCWNqJ2w3wqG","username":"CaMar 20 Empire"}]
Sun, 17 May 2020 10:14:56 GMT - Debug - [{"_id":"5ddb85150eb62a4aec4d4eba","email":"dd@cc.com","password":"$2b$10$M2zXDsAhFw1W1EyCd/zC9eQyDJTGMeXNLTK8KqVztOC481lGtlQua","username":"cc"},{"_id":"5ddbc5f3172fff65d8fef854","email":"admin@a.com","password":"$2b$10$iKRv.8UG/6X0ILsDAMawr.Vi.qztSYeGKxR63VXC.mM6bXnGhwhb6","username":"adminov","balance":100},{"_id":"5ddbc6ae6dd9593018464895","email":"z@z.com","password":"$2b$10$RaElJtt9D5B758t.UuYW3uz1r8QcIwB0sQ9.rY1jv83tze94rn0I.","username":"zzz","isAdmin":true},{"_id":"5ddce6ba154fe965ac1edac3","email":"q@q.com","password":"$2b$10$SBk31zLHTXBJMeymt49pK.PDQtJkz3I9d5a0SGNtvlJEENSOt3Wa6","username":"Que!"},{"_id":"5ddcf730cdd683152cb242d2","email":"roki","password":"$2b$10$X042fAAuUEj0CLA7sD8uPu6F1C4Qg6CBQgRG54SKmoollRxeydWKq","username":"Roki Balbua"},{"_id":"5e1d6f3f30820335201a26af","email":"v","password":"$2b$10$FtA/XOVg6Huj8PYhLHraQuaNG0lxg9gt2S8chBYtfkqPldrlu7DbG","username":"v"},{"_id":"5e1dabd709367a5de4707923","email":"canov19","password":"$2b$10$0p9ZIPwVpcFILivaKnAT8OxQF2x2VsueXLzBun6uUc/zowTZJpT2S","username":"CaNov19"},{"_id":"5e6e0a275f1a402e144ebfd2","email":"kiki@kiki.kiki","password":"$2b$10$QGyWJkk7YCEHLa56.AtXaeOTgU3PqO2eiKxy4GVyrnnLkx4TkrSa2","username":"Kiki"},{"_id":"5ec10c887f6f1c3ca060c5e5","email":"camar20@c.com","password":"$2b$10$BqGJWswlh6ckworR0wGhNeYoaurE7H4NhFHBlr3.gvCWNqJ2w3wqG","username":"CaMar 20 Empire"}]
Sun, 17 May 2020 10:15:51 GMT - Debug - [{"_id":"5ddb85150eb62a4aec4d4eba","email":"dd@cc.com","password":"$2b$10$M2zXDsAhFw1W1EyCd/zC9eQyDJTGMeXNLTK8KqVztOC481lGtlQua","username":"cc"},{"_id":"5ddbc5f3172fff65d8fef854","email":"admin@a.com","password":"$2b$10$iKRv.8UG/6X0ILsDAMawr.Vi.qztSYeGKxR63VXC.mM6bXnGhwhb6","username":"adminov","balance":100},{"_id":"5ddbc6ae6dd9593018464895","email":"z@z.com","password":"$2b$10$RaElJtt9D5B758t.UuYW3uz1r8QcIwB0sQ9.rY1jv83tze94rn0I.","username":"zzz","isAdmin":true},{"_id":"5ddce6ba154fe965ac1edac3","email":"q@q.com","password":"$2b$10$SBk31zLHTXBJMeymt49pK.PDQtJkz3I9d5a0SGNtvlJEENSOt3Wa6","username":"Que!"},{"_id":"5ddcf730cdd683152cb242d2","email":"roki","password":"$2b$10$X042fAAuUEj0CLA7sD8uPu6F1C4Qg6CBQgRG54SKmoollRxeydWKq","username":"Roki Balbua"},{"_id":"5e1d6f3f30820335201a26af","email":"v","password":"$2b$10$FtA/XOVg6Huj8PYhLHraQuaNG0lxg9gt2S8chBYtfkqPldrlu7DbG","username":"v"},{"_id":"5e1dabd709367a5de4707923","email":"canov19","password":"$2b$10$0p9ZIPwVpcFILivaKnAT8OxQF2x2VsueXLzBun6uUc/zowTZJpT2S","username":"CaNov19"},{"_id":"5e6e0a275f1a402e144ebfd2","email":"kiki@kiki.kiki","password":"$2b$10$QGyWJkk7YCEHLa56.AtXaeOTgU3PqO2eiKxy4GVyrnnLkx4TkrSa2","username":"Kiki"},{"_id":"5ec10c887f6f1c3ca060c5e5","email":"camar20@c.com","password":"$2b$10$BqGJWswlh6ckworR0wGhNeYoaurE7H4NhFHBlr3.gvCWNqJ2w3wqG","username":"CaMar 20 Empire"}]
Sun, 17 May 2020 10:19:11 GMT - Info - Server is running on port: 3030
Sun, 17 May 2020 10:19:27 GMT - Info - Server is running on port: 3030
Sun, 17 May 2020 10:19:43 GMT - Info - Server is running on port: 3030
Mon, 20 Jul 2020 14:04:24 GMT - Info - Server is running on port: 3030
Mon, 20 Jul 2020 14:45:38 GMT - Info - Server is running on port: 3030
Mon, 20 Jul 2020 14:50:59 GMT - Info - Server is running on port: 3030
Mon, 20 Jul 2020 14:53:18 GMT - Info - Server is running on port: 3030
Mon, 20 Jul 2020 14:53:26 GMT - Info - Server is running on port: 3030
Mon, 20 Jul 2020 14:54:10 GMT - Info - Server is running on port: 3030
Mon, 20 Jul 2020 14:55:04 GMT - Info - Server is running on port: 3030
Mon, 20 Jul 2020 14:56:19 GMT - Info - Server is running on port: 3030
Mon, 20 Jul 2020 14:56:56 GMT - Info - Server is running on port: 3030
Mon, 20 Jul 2020 14:57:03 GMT - Info - Server is running on port: 3030
Mon, 20 Jul 2020 14:57:09 GMT - Info - Server is running on port: 3030
Mon, 20 Jul 2020 14:59:02 GMT - Info - Server is running on port: 3030
Mon, 20 Jul 2020 15:00:10 GMT - Info - Server is running on port: 3030
Mon, 20 Jul 2020 15:00:26 GMT - Info - Server is running on port: 3030
Mon, 20 Jul 2020 15:00:43 GMT - Info - Server is running on port: 3030
Mon, 20 Jul 2020 15:01:16 GMT - Info - Server is running on port: 3030
Mon, 20 Jul 2020 15:01:46 GMT - Info - Server is running on port: 3030
Mon, 20 Jul 2020 15:04:22 GMT - Info - Server is running on port: 3030
Mon, 20 Jul 2020 15:05:02 GMT - Info - Server is running on port: 3030
Mon, 20 Jul 2020 15:05:14 GMT - Info - Server is running on port: 3030
Mon, 20 Jul 2020 15:05:37 GMT - Info - Server is running on port: 3030
Mon, 20 Jul 2020 15:17:17 GMT - Info - Server is running on port: 3030
<<<<<<< HEAD
Mon, 20 Jul 2020 18:05:27 GMT - Info - Server is running on port: 3030
=======
Mon, 20 Jul 2020 15:38:44 GMT - Info - Server is running on port: 3030
Mon, 20 Jul 2020 16:51:32 GMT - Debug - auth.service - login with email: undefined
Mon, 20 Jul 2020 16:51:52 GMT - Debug - auth.service - login with email: undefined
Mon, 20 Jul 2020 16:55:13 GMT - Debug - auth.service - login with email: undefined
Mon, 20 Jul 2020 16:56:27 GMT - Debug - auth.service - login with email: undefined
Mon, 20 Jul 2020 16:59:24 GMT - Debug - auth.service - login with email: undefined
Mon, 20 Jul 2020 17:01:17 GMT - Info - Server is running on port: 3030
Mon, 20 Jul 2020 17:01:39 GMT - Info - Server is running on port: 3030
Mon, 20 Jul 2020 17:02:29 GMT - Info - Server is running on port: 3030
Mon, 20 Jul 2020 17:02:38 GMT - Debug - auth.service - login with userName: King
Mon, 20 Jul 2020 17:04:04 GMT - Info - Server is running on port: 3030
Mon, 20 Jul 2020 17:04:23 GMT - Debug - auth.service - login with userName: King
Mon, 20 Jul 2020 17:05:52 GMT - Info - Server is running on port: 3030
Mon, 20 Jul 2020 17:06:20 GMT - Debug - auth.service - login with userName: King
Mon, 20 Jul 2020 17:07:39 GMT - Info - Server is running on port: 3030
Mon, 20 Jul 2020 17:08:07 GMT - Debug - auth.service - login with userName: King
Mon, 20 Jul 2020 17:11:02 GMT - Info - Server is running on port: 3030
Mon, 20 Jul 2020 17:11:18 GMT - Debug - auth.service - login with userName: King
Mon, 20 Jul 2020 17:12:27 GMT - Debug - auth.service - login with userName: King
Mon, 20 Jul 2020 17:17:00 GMT - Info - Server is running on port: 3030
Mon, 20 Jul 2020 17:17:14 GMT - Debug - auth.service - login with userName: King
Mon, 20 Jul 2020 17:18:04 GMT - Info - Server is running on port: 3030
Mon, 20 Jul 2020 17:18:17 GMT - Debug - auth.service - login with userName: King
Mon, 20 Jul 2020 17:20:03 GMT - Info - Server is running on port: 3030
Mon, 20 Jul 2020 17:20:11 GMT - Debug - auth.service - login with userName: King
Mon, 20 Jul 2020 17:20:45 GMT - Info - Server is running on port: 3030
Mon, 20 Jul 2020 17:20:53 GMT - Debug - auth.service - login with userName: King
Mon, 20 Jul 2020 17:22:41 GMT - Info - Server is running on port: 3030
Mon, 20 Jul 2020 17:22:50 GMT - Debug - auth.service - login with userName: King
Mon, 20 Jul 2020 17:23:57 GMT - Info - Server is running on port: 3030
Mon, 20 Jul 2020 17:24:08 GMT - Debug - auth.service - login with userName: King
Mon, 20 Jul 2020 17:24:40 GMT - Info - Server is running on port: 3030
Mon, 20 Jul 2020 17:25:00 GMT - Info - Server is running on port: 3030
Mon, 20 Jul 2020 17:25:14 GMT - Debug - auth.service - login with userName: King
Mon, 20 Jul 2020 17:25:37 GMT - Info - Server is running on port: 3030
Mon, 20 Jul 2020 17:25:51 GMT - Debug - auth.service - login with userName: King
Mon, 20 Jul 2020 17:32:24 GMT - Info - Server is running on port: 3030
Mon, 20 Jul 2020 17:32:36 GMT - Debug - auth.service - login with userName: King
Mon, 20 Jul 2020 17:47:54 GMT - Info - Server is running on port: 3030
Mon, 20 Jul 2020 17:48:06 GMT - Debug - auth.service - login with userName: King
Mon, 20 Jul 2020 18:01:15 GMT - Info - Server is running on port: 3030
Mon, 20 Jul 2020 18:01:24 GMT - Debug - auth.service - login with userName: King
Mon, 20 Jul 2020 18:21:25 GMT - Info - Server is running on port: 3030
Mon, 20 Jul 2020 18:21:42 GMT - Debug - auth.service - login with userName: King
Mon, 20 Jul 2020 18:23:44 GMT - Debug - auth.service - login with userName: King
Mon, 20 Jul 2020 18:23:59 GMT - Debug - auth.service - login with userName: King
<<<<<<< HEAD
<<<<<<< HEAD
>>>>>>> ef49538205121f8574fd82c3012965a027752a5b
=======
Tue, 21 Jul 2020 05:49:24 GMT - Info - Server is running on port: 3030
>>>>>>> 55dbcbd7bbd691ba070f1b841f8dabb4649e1be1
Tue, 21 Jul 2020 06:26:14 GMT - Info - Server is running on port: 3030
Tue, 21 Jul 2020 07:01:16 GMT - Info - Server is running on port: 3030
Tue, 21 Jul 2020 11:03:52 GMT - Info - Server is running on port: 3030
Tue, 21 Jul 2020 11:11:00 GMT - Info - Server is running on port: 3030
Tue, 21 Jul 2020 12:34:42 GMT - Info - Server is running on port: 3030
Tue, 21 Jul 2020 13:07:36 GMT - Info - Server is running on port: 3030
=======
Tue, 21 Jul 2020 07:30:34 GMT - Debug - auth.service - login with userName: King
Tue, 21 Jul 2020 07:59:19 GMT - Info - Server is running on port: 3030
Tue, 21 Jul 2020 08:05:47 GMT - Info - Server is running on port: 3030
Tue, 21 Jul 2020 08:09:23 GMT - Info - Server is running on port: 3030
Tue, 21 Jul 2020 08:09:57 GMT - Info - Server is running on port: 3030
Tue, 21 Jul 2020 10:47:54 GMT - Info - Server is running on port: 3030
>>>>>>> 7fffb05b52d234390b3b95e675527e648ac07ee6
Tue, 21 Jul 2020 13:22:20 GMT - Info - Server is running on port: 3030
